Determining if the pthread_create exist failed with the following output:
Change Dir: /home/d/Personal/Udesc/OPRP/matrix_threaded/cmake-build-debug/CMakeFiles/CMakeTmp

Run Build Command:"/usr/bin/make" "cmTC_144fb/fast"
/usr/bin/make -f CMakeFiles/cmTC_144fb.dir/build.make CMakeFiles/cmTC_144fb.dir/build
make[1]: Entering directory '/home/d/Personal/Udesc/OPRP/matrix_threaded/cmake-build-debug/CMakeFiles/CMakeTmp'
Building C object CMakeFiles/cmTC_144fb.dir/CheckSymbolExists.c.o
/usr/bin/cc    -o CMakeFiles/cmTC_144fb.dir/CheckSymbolExists.c.o   -c /home/d/Personal/Udesc/OPRP/matrix_threaded/cmake-build-debug/CMakeFiles/CMakeTmp/CheckSymbolExists.c
Linking C executable cmTC_144fb
/home/d/.local/share/JetBrains/Toolbox/apps/CLion/ch-0/183.5429.37/bin/cmake/linux/bin/cmake -E cmake_link_script CMakeFiles/cmTC_144fb.dir/link.txt --verbose=1
/usr/bin/cc      -rdynamic CMakeFiles/cmTC_144fb.dir/CheckSymbolExists.c.o  -o cmTC_144fb 
/usr/bin/ld: CMakeFiles/cmTC_144fb.dir/CheckSymbolExists.c.o: in function `main':
CheckSymbolExists.c:(.text+0x1b): undefined reference to `pthread_create'
collect2: error: ld returned 1 exit status
make[1]: *** [CMakeFiles/cmTC_144fb.dir/build.make:87: cmTC_144fb] Error 1
make[1]: Leaving directory '/home/d/Personal/Udesc/OPRP/matrix_threaded/cmake-build-debug/CMakeFiles/CMakeTmp'
make: *** [Makefile:121: cmTC_144fb/fast] Error 2

File /home/d/Personal/Udesc/OPRP/matrix_threaded/cmake-build-debug/CMakeFiles/CMakeTmp/CheckSymbolExists.c:
/* */
#include <pthread.h>

int main(int argc, char** argv)
{
  (void)argv;
#ifndef pthread_create
  return ((int*)(&pthread_create))[argc];
#else
  (void)argc;
  return 0;
#endif
}

