Determining if the pthread_create exist failed with the following output:
Change Dir: /home/d/UDESC/OPRP/OpenMP/build/CMakeFiles/CMakeTmp

Run Build Command(s):/usr/bin/make cmTC_d519e/fast 
/usr/bin/make -f CMakeFiles/cmTC_d519e.dir/build.make CMakeFiles/cmTC_d519e.dir/build
make[1]: Entering directory '/home/d/UDESC/OPRP/OpenMP/build/CMakeFiles/CMakeTmp'
Building C object CMakeFiles/cmTC_d519e.dir/CheckSymbolExists.c.o
/usr/bin/cc    -o CMakeFiles/cmTC_d519e.dir/CheckSymbolExists.c.o   -c /home/d/UDESC/OPRP/OpenMP/build/CMakeFiles/CMakeTmp/CheckSymbolExists.c
Linking C executable cmTC_d519e
/usr/bin/cmake -E cmake_link_script CMakeFiles/cmTC_d519e.dir/link.txt --verbose=1
/usr/bin/cc      -rdynamic CMakeFiles/cmTC_d519e.dir/CheckSymbolExists.c.o  -o cmTC_d519e 
/usr/bin/ld: CMakeFiles/cmTC_d519e.dir/CheckSymbolExists.c.o: in function `main':
CheckSymbolExists.c:(.text+0x1b): undefined reference to `pthread_create'
collect2: error: ld returned 1 exit status
make[1]: *** [CMakeFiles/cmTC_d519e.dir/build.make:87: cmTC_d519e] Error 1
make[1]: Leaving directory '/home/d/UDESC/OPRP/OpenMP/build/CMakeFiles/CMakeTmp'
make: *** [Makefile:121: cmTC_d519e/fast] Error 2

File /home/d/UDESC/OPRP/OpenMP/build/CMakeFiles/CMakeTmp/CheckSymbolExists.c:
/* */
#include <pthread.h>

int main(int argc, char** argv)
{
  (void)argv;
#ifndef pthread_create
  return ((int*)(&pthread_create))[argc];
#else
  (void)argc;
  return 0;
#endif
}

